<?xml version="1.0" encoding="UTF-8"?>
<testsuite name="Run on Firefox"
           tests="5"
           failures="0"
           errors="0"
           skipped="5"
           time="0.000">
  <properties />
  
            <testcase name="afterClass" time="0.0" classname="com.nopcommerce.share.Product_Detail">
          <skipped />
    </testcase>
            <testcase name="beforeClass" time="0.0" classname="com.nopcommerce.share.Product_Detail">
          <skipped />
    </testcase>
            <testcase name="Product_01_New_Product" time="0.0" classname="com.nopcommerce.share.Product_Detail">
          <skipped />
    </testcase>
            <testcase name="Product_02_View_Product" time="0.0" classname="com.nopcommerce.share.Product_Detail">
          <skipped />
    </testcase>
            <testcase name="Product_03_Edit_Product" time="0.0" classname="com.nopcommerce.share.Product_Detail">
          <skipped />
    </testcase>
  
  
</testsuite>
